build/outputs/logs/manifest-merger-debug-report.txt
-- Merging decision tree log ---
manifest
ADDED from AMM NO DRAWER\AMM\AndroidManifest.xml:2:1-435:12
	package
		ADDED from AMM NO DRAWER\AMM\AndroidManifest.xml:3:5-26
	android:versionName
		ADDED from AMM NO DRAWER\AMM\AndroidManifest.xml:5:5-30
		INJECTED from AMM NO DRAWER\AMM\AndroidManifest.xml
		INJECTED from AMM NO DRAWER\AMM\AndroidManifest.xml
	android:versionCode
		ADDED from AMM NO DRAWER\AMM\AndroidManifest.xml:4:5-29
		INJECTED from AMM NO DRAWER\AMM\AndroidManifest.xml
		INJECTED from AMM NO DRAWER\AMM\AndroidManifest.xml
	xmlns:android
		ADDED from AMM NO DRAWER\AMM\AndroidManifest.xml:2:11-69
uses-sdk
ADDED from AMM NO DRAWER\AMM\AndroidManifest.xml:7:5-9:41
MERGED from [com.github.Raizlabs.DBFlow:dbflow:3.0.0-beta5] AndroidManifest.xml:7:5-9:41
	android:targetSdkVersion
		ADDED from AMM NO DRAWER\AMM\AndroidManifest.xml:9:9-38
	android:minSdkVersion
		ADDED from AMM NO DRAWER\AMM\AndroidManifest.xml:8:9-35
uses-permission#android.permission.ACCESS_NETWORK_STATE
ADDED from AMM NO DRAWER\AMM\AndroidManifest.xml:11:5-79
	android:name
		ADDED from AMM NO DRAWER\AMM\AndroidManifest.xml:11:22-76
uses-permission#android.permission.INTERNET
ADDED from AMM NO DRAWER\AMM\AndroidManifest.xml:12:5-67
	android:name
		ADDED from AMM NO DRAWER\AMM\AndroidManifest.xml:12:22-64
uses-permission#android.permission.WRITE_SETTINGS
ADDED from AMM NO DRAWER\AMM\AndroidManifest.xml:13:5-73
	android:name
		ADDED from AMM NO DRAWER\AMM\AndroidManifest.xml:13:22-70
uses-permission#android.permission.GET_ACCOUNTS
ADDED from AMM NO DRAWER\AMM\AndroidManifest.xml:14:5-71
	android:name
		ADDED from AMM NO DRAWER\AMM\AndroidManifest.xml:14:22-68
uses-permission#android.permission.READ_PROFILE
ADDED from AMM NO DRAWER\AMM\AndroidManifest.xml:15:5-71
	android:name
		ADDED from AMM NO DRAWER\AMM\AndroidManifest.xml:15:22-68
uses-permission#android.permission.READ_CONTACTS
ADDED from AMM NO DRAWER\AMM\AndroidManifest.xml:16:5-72
	android:name
		ADDED from AMM NO DRAWER\AMM\AndroidManifest.xml:16:22-69
uses-permission#android.permission.WRITE_EXTERNAL_STORAGE
ADDED from AMM NO DRAWER\AMM\AndroidManifest.xml:17:5-81
	android:name
		ADDED from AMM NO DRAWER\AMM\AndroidManifest.xml:17:22-78
uses-feature#android.hardware.camera
ADDED from AMM NO DRAWER\AMM\AndroidManifest.xml:19:5-21:36
	android:required
		ADDED from AMM NO DRAWER\AMM\AndroidManifest.xml:21:9-33
	android:name
		ADDED from AMM NO DRAWER\AMM\AndroidManifest.xml:20:9-47
uses-feature#android.hardware.camera.autofocus
ADDED from AMM NO DRAWER\AMM\AndroidManifest.xml:22:5-24:36
	android:required
		ADDED from AMM NO DRAWER\AMM\AndroidManifest.xml:24:9-33
	android:name
		ADDED from AMM NO DRAWER\AMM\AndroidManifest.xml:23:9-57
supports-screens
ADDED from AMM NO DRAWER\AMM\AndroidManifest.xml:26:5-25
application
ADDED from AMM NO DRAWER\AMM\AndroidManifest.xml:28:5-433:19
MERGED from [com.github.Raizlabs.DBFlow:dbflow:3.0.0-beta5] AndroidManifest.xml:11:5-20
	android:label
		ADDED from AMM NO DRAWER\AMM\AndroidManifest.xml:31:9-41
	android:allowBackup
		ADDED from AMM NO DRAWER\AMM\AndroidManifest.xml:29:9-35
	android:icon
		ADDED from AMM NO DRAWER\AMM\AndroidManifest.xml:30:9-45
	android:theme
		ADDED from AMM NO DRAWER\AMM\AndroidManifest.xml:32:9-40
activity#com.aca.amm.SplashActivity
ADDED from AMM NO DRAWER\AMM\AndroidManifest.xml:33:9-42:20
	android:screenOrientation
		ADDED from AMM NO DRAWER\AMM\AndroidManifest.xml:36:13-49
	android:label
		ADDED from AMM NO DRAWER\AMM\AndroidManifest.xml:35:13-45
	android:name
		ADDED from AMM NO DRAWER\AMM\AndroidManifest.xml:34:13-54
intent-filter#android.intent.action.MAIN+android.intent.category.LAUNCHER
ADDED from AMM NO DRAWER\AMM\AndroidManifest.xml:37:13-41:29
action#android.intent.action.MAIN
ADDED from AMM NO DRAWER\AMM\AndroidManifest.xml:38:17-69
	android:name
		ADDED from AMM NO DRAWER\AMM\AndroidManifest.xml:38:25-66
category#android.intent.category.LAUNCHER
ADDED from AMM NO DRAWER\AMM\AndroidManifest.xml:40:17-77
	android:name
		ADDED from AMM NO DRAWER\AMM\AndroidManifest.xml:40:27-74
activity#com.aca.amm.FirstActivity
ADDED from AMM NO DRAWER\AMM\AndroidManifest.xml:43:9-47:20
	android:screenOrientation
		ADDED from AMM NO DRAWER\AMM\AndroidManifest.xml:46:13-49
	android:label
		ADDED from AMM NO DRAWER\AMM\AndroidManifest.xml:45:13-57
	android:name
		ADDED from AMM NO DRAWER\AMM\AndroidManifest.xml:44:13-53
activity#com.aca.amm.CustomerActivity
ADDED from AMM NO DRAWER\AMM\AndroidManifest.xml:48:9-52:20
	android:screenOrientation
		ADDED from AMM NO DRAWER\AMM\AndroidManifest.xml:51:13-49
	android:label
		ADDED from AMM NO DRAWER\AMM\AndroidManifest.xml:50:13-60
	android:name
		ADDED from AMM NO DRAWER\AMM\AndroidManifest.xml:49:13-56
activity#com.aca.amm.ChooseProductActivity
ADDED from AMM NO DRAWER\AMM\AndroidManifest.xml:53:9-57:20
	android:screenOrientation
		ADDED from AMM NO DRAWER\AMM\AndroidManifest.xml:56:13-49
	android:label
		ADDED from AMM NO DRAWER\AMM\AndroidManifest.xml:55:13-65
	android:name
		ADDED from AMM NO DRAWER\AMM\AndroidManifest.xml:54:13-61
activity#com.aca.amm.ChooseCustomerActivity
ADDED from AMM NO DRAWER\AMM\AndroidManifest.xml:58:9-74:20
	android:screenOrientation
		ADDED from AMM NO DRAWER\AMM\AndroidManifest.xml:62:13-49
	android:label
		ADDED from AMM NO DRAWER\AMM\AndroidManifest.xml:60:13-67
	android:launchMode
		ADDED from AMM NO DRAWER\AMM\AndroidManifest.xml:61:13-43
	android:name
		ADDED from AMM NO DRAWER\AMM\AndroidManifest.xml:59:13-62
intent-filter#android.intent.action.SEARCH
ADDED from AMM NO DRAWER\AMM\AndroidManifest.xml:64:13-66:29
action#android.intent.action.SEARCH
ADDED from AMM NO DRAWER\AMM\AndroidManifest.xml:65:17-71
	android:name
		ADDED from AMM NO DRAWER\AMM\AndroidManifest.xml:65:25-68
intent-filter#android.intent.action.VIEW
ADDED from AMM NO DRAWER\AMM\AndroidManifest.xml:67:13-69:29
action#android.intent.action.VIEW
ADDED from AMM NO DRAWER\AMM\AndroidManifest.xml:68:17-69
	android:name
		ADDED from AMM NO DRAWER\AMM\AndroidManifest.xml:68:25-66
meta-data#android.app.searchable
ADDED from AMM NO DRAWER\AMM\AndroidManifest.xml:71:13-73:57
	android:resource
		ADDED from AMM NO DRAWER\AMM\AndroidManifest.xml:73:17-54
	android:name
		ADDED from AMM NO DRAWER\AMM\AndroidManifest.xml:72:17-54
activity#com.aca.amm.ConfirmActivity
ADDED from AMM NO DRAWER\AMM\AndroidManifest.xml:75:9-79:20
	android:screenOrientation
		ADDED from AMM NO DRAWER\AMM\AndroidManifest.xml:78:13-49
	android:label
		ADDED from AMM NO DRAWER\AMM\AndroidManifest.xml:77:13-59
	android:name
		ADDED from AMM NO DRAWER\AMM\AndroidManifest.xml:76:13-55
activity#com.aca.amm.ReadTCActivity
ADDED from AMM NO DRAWER\AMM\AndroidManifest.xml:80:9-84:20
	android:screenOrientation
		ADDED from AMM NO DRAWER\AMM\AndroidManifest.xml:83:13-49
	android:label
		ADDED from AMM NO DRAWER\AMM\AndroidManifest.xml:82:13-59
	android:name
		ADDED from AMM NO DRAWER\AMM\AndroidManifest.xml:81:13-54
activity#com.aca.amm.FillOtomateActivity
ADDED from AMM NO DRAWER\AMM\AndroidManifest.xml:85:9-89:20
	android:screenOrientation
		ADDED from AMM NO DRAWER\AMM\AndroidManifest.xml:88:13-49
	android:label
		ADDED from AMM NO DRAWER\AMM\AndroidManifest.xml:87:13-64
	android:name
		ADDED from AMM NO DRAWER\AMM\AndroidManifest.xml:86:13-59
activity#com.aca.amm.FillAsriActivity
ADDED from AMM NO DRAWER\AMM\AndroidManifest.xml:90:9-94:20
	android:screenOrientation
		ADDED from AMM NO DRAWER\AMM\AndroidManifest.xml:93:13-49
	android:label
		ADDED from AMM NO DRAWER\AMM\AndroidManifest.xml:92:13-61
	android:name
		ADDED from AMM NO DRAWER\AMM\AndroidManifest.xml:91:13-56
activity#com.aca.amm.FillTravelActivity
ADDED from AMM NO DRAWER\AMM\AndroidManifest.xml:95:9-99:20
	android:screenOrientation
		ADDED from AMM NO DRAWER\AMM\AndroidManifest.xml:98:13-49
	android:label
		ADDED from AMM NO DRAWER\AMM\AndroidManifest.xml:97:13-63
	android:name
		ADDED from AMM NO DRAWER\AMM\AndroidManifest.xml:96:13-58
activity#com.aca.amm.SignatureActivity
ADDED from AMM NO DRAWER\AMM\AndroidManifest.xml:100:9-104:20
	android:screenOrientation
		ADDED from AMM NO DRAWER\AMM\AndroidManifest.xml:103:13-49
	android:label
		ADDED from AMM NO DRAWER\AMM\AndroidManifest.xml:102:13-61
	android:name
		ADDED from AMM NO DRAWER\AMM\AndroidManifest.xml:101:13-57
activity#com.aca.amm.FillTravelDomActivity
ADDED from AMM NO DRAWER\AMM\AndroidManifest.xml:105:9-109:20
	android:screenOrientation
		ADDED from AMM NO DRAWER\AMM\AndroidManifest.xml:108:13-49
	android:label
		ADDED from AMM NO DRAWER\AMM\AndroidManifest.xml:107:13-67
	android:name
		ADDED from AMM NO DRAWER\AMM\AndroidManifest.xml:106:13-61
activity#com.aca.amm.FillMedisafe
ADDED from AMM NO DRAWER\AMM\AndroidManifest.xml:110:9-114:20
	android:screenOrientation
		ADDED from AMM NO DRAWER\AMM\AndroidManifest.xml:113:13-49
	android:label
		ADDED from AMM NO DRAWER\AMM\AndroidManifest.xml:112:13-65
	android:name
		ADDED from AMM NO DRAWER\AMM\AndroidManifest.xml:111:13-52
activity#com.aca.amm.FillExecutiveActivity
ADDED from AMM NO DRAWER\AMM\AndroidManifest.xml:115:9-119:20
	android:screenOrientation
		ADDED from AMM NO DRAWER\AMM\AndroidManifest.xml:118:13-49
	android:label
		ADDED from AMM NO DRAWER\AMM\AndroidManifest.xml:117:13-66
	android:name
		ADDED from AMM NO DRAWER\AMM\AndroidManifest.xml:116:13-61
activity#com.aca.amm.FillTokoActivity
ADDED from AMM NO DRAWER\AMM\AndroidManifest.xml:120:9-124:20
	android:screenOrientation
		ADDED from AMM NO DRAWER\AMM\AndroidManifest.xml:123:13-49
	android:label
		ADDED from AMM NO DRAWER\AMM\AndroidManifest.xml:122:13-61
	android:name
		ADDED from AMM NO DRAWER\AMM\AndroidManifest.xml:121:13-56
activity#com.aca.amm.FillOtomateSyariahActivity
ADDED from AMM NO DRAWER\AMM\AndroidManifest.xml:125:9-129:20
	android:screenOrientation
		ADDED from AMM NO DRAWER\AMM\AndroidManifest.xml:128:13-49
	android:label
		ADDED from AMM NO DRAWER\AMM\AndroidManifest.xml:127:13-72
	android:name
		ADDED from AMM NO DRAWER\AMM\AndroidManifest.xml:126:13-66
activity#com.aca.amm.FillAsriSyariahActivity
ADDED from AMM NO DRAWER\AMM\AndroidManifest.xml:130:9-134:20
	android:screenOrientation
		ADDED from AMM NO DRAWER\AMM\AndroidManifest.xml:133:13-49
	android:label
		ADDED from AMM NO DRAWER\AMM\AndroidManifest.xml:132:13-69
	android:name
		ADDED from AMM NO DRAWER\AMM\AndroidManifest.xml:131:13-63
activity#com.aca.amm.FillPAAmanahActivity
ADDED from AMM NO DRAWER\AMM\AndroidManifest.xml:135:9-139:20
	android:screenOrientation
		ADDED from AMM NO DRAWER\AMM\AndroidManifest.xml:138:13-49
	android:label
		ADDED from AMM NO DRAWER\AMM\AndroidManifest.xml:137:13-65
	android:name
		ADDED from AMM NO DRAWER\AMM\AndroidManifest.xml:136:13-60
activity#com.aca.amm.NewsActivity
ADDED from AMM NO DRAWER\AMM\AndroidManifest.xml:140:9-144:20
	android:screenOrientation
		ADDED from AMM NO DRAWER\AMM\AndroidManifest.xml:143:13-49
	android:label
		ADDED from AMM NO DRAWER\AMM\AndroidManifest.xml:142:13-56
	android:name
		ADDED from AMM NO DRAWER\AMM\AndroidManifest.xml:141:13-52
activity#com.aca.amm.ReadNewsActivity
ADDED from AMM NO DRAWER\AMM\AndroidManifest.xml:145:9-149:20
	android:screenOrientation
		ADDED from AMM NO DRAWER\AMM\AndroidManifest.xml:148:13-49
	android:label
		ADDED from AMM NO DRAWER\AMM\AndroidManifest.xml:147:13-59
	android:name
		ADDED from AMM NO DRAWER\AMM\AndroidManifest.xml:146:13-56
activity#com.aca.amm.RenewalActivity
ADDED from AMM NO DRAWER\AMM\AndroidManifest.xml:150:9-154:20
	android:screenOrientation
		ADDED from AMM NO DRAWER\AMM\AndroidManifest.xml:153:13-49
	android:label
		ADDED from AMM NO DRAWER\AMM\AndroidManifest.xml:152:13-59
	android:name
		ADDED from AMM NO DRAWER\AMM\AndroidManifest.xml:151:13-55
activity#com.aca.amm.SPPAActivity
ADDED from AMM NO DRAWER\AMM\AndroidManifest.xml:155:9-159:20
	android:screenOrientation
		ADDED from AMM NO DRAWER\AMM\AndroidManifest.xml:158:13-49
	android:label
		ADDED from AMM NO DRAWER\AMM\AndroidManifest.xml:157:13-56
	android:name
		ADDED from AMM NO DRAWER\AMM\AndroidManifest.xml:156:13-52
activity#com.aca.amm.SyncActivity
ADDED from AMM NO DRAWER\AMM\AndroidManifest.xml:160:9-164:20
	android:screenOrientation
		ADDED from AMM NO DRAWER\AMM\AndroidManifest.xml:163:13-49
	android:label
		ADDED from AMM NO DRAWER\AMM\AndroidManifest.xml:162:13-56
	android:name
		ADDED from AMM NO DRAWER\AMM\AndroidManifest.xml:161:13-52
activity#com.aca.amm.InfoOtomateActivity
ADDED from AMM NO DRAWER\AMM\AndroidManifest.xml:165:9-169:20
	android:screenOrientation
		ADDED from AMM NO DRAWER\AMM\AndroidManifest.xml:168:13-49
	android:label
		ADDED from AMM NO DRAWER\AMM\AndroidManifest.xml:167:13-64
	android:name
		ADDED from AMM NO DRAWER\AMM\AndroidManifest.xml:166:13-59
activity#com.aca.amm.InfoAsriActivity
ADDED from AMM NO DRAWER\AMM\AndroidManifest.xml:170:9-174:20
	android:screenOrientation
		ADDED from AMM NO DRAWER\AMM\AndroidManifest.xml:173:13-49
	android:label
		ADDED from AMM NO DRAWER\AMM\AndroidManifest.xml:172:13-61
	android:name
		ADDED from AMM NO DRAWER\AMM\AndroidManifest.xml:171:13-56
activity#com.aca.amm.InfoAsriSyariahActivity
ADDED from AMM NO DRAWER\AMM\AndroidManifest.xml:175:9-179:20
	android:screenOrientation
		ADDED from AMM NO DRAWER\AMM\AndroidManifest.xml:178:13-49
	android:label
		ADDED from AMM NO DRAWER\AMM\AndroidManifest.xml:177:13-68
	android:name
		ADDED from AMM NO DRAWER\AMM\AndroidManifest.xml:176:13-63
activity#com.aca.amm.InfoOtomateSyariahActivity
ADDED from AMM NO DRAWER\AMM\AndroidManifest.xml:180:9-184:20
	android:screenOrientation
		ADDED from AMM NO DRAWER\AMM\AndroidManifest.xml:183:13-49
	android:label
		ADDED from AMM NO DRAWER\AMM\AndroidManifest.xml:182:13-72
	android:name
		ADDED from AMM NO DRAWER\AMM\AndroidManifest.xml:181:13-66
activity#com.aca.amm.InfoMedisafeActivity
ADDED from AMM NO DRAWER\AMM\AndroidManifest.xml:185:9-189:20
	android:screenOrientation
		ADDED from AMM NO DRAWER\AMM\AndroidManifest.xml:188:13-49
	android:label
		ADDED from AMM NO DRAWER\AMM\AndroidManifest.xml:187:13-65
	android:name
		ADDED from AMM NO DRAWER\AMM\AndroidManifest.xml:186:13-60
activity#com.aca.amm.InfoPAAmanahActivity
ADDED from AMM NO DRAWER\AMM\AndroidManifest.xml:190:9-194:20
	android:screenOrientation
		ADDED from AMM NO DRAWER\AMM\AndroidManifest.xml:193:13-49
	android:label
		ADDED from AMM NO DRAWER\AMM\AndroidManifest.xml:192:13-65
	android:name
		ADDED from AMM NO DRAWER\AMM\AndroidManifest.xml:191:13-60
activity#com.aca.amm.InfoTokoActivity
ADDED from AMM NO DRAWER\AMM\AndroidManifest.xml:195:9-199:20
	android:screenOrientation
		ADDED from AMM NO DRAWER\AMM\AndroidManifest.xml:198:13-49
	android:label
		ADDED from AMM NO DRAWER\AMM\AndroidManifest.xml:197:13-61
	android:name
		ADDED from AMM NO DRAWER\AMM\AndroidManifest.xml:196:13-56
activity#com.aca.amm.InfoTravelActivity
ADDED from AMM NO DRAWER\AMM\AndroidManifest.xml:200:9-204:20
	android:screenOrientation
		ADDED from AMM NO DRAWER\AMM\AndroidManifest.xml:203:13-49
	android:label
		ADDED from AMM NO DRAWER\AMM\AndroidManifest.xml:202:13-63
	android:name
		ADDED from AMM NO DRAWER\AMM\AndroidManifest.xml:201:13-58
activity#com.aca.amm.InfoTravelDomActivity
ADDED from AMM NO DRAWER\AMM\AndroidManifest.xml:205:9-209:20
	android:screenOrientation
		ADDED from AMM NO DRAWER\AMM\AndroidManifest.xml:208:13-49
	android:label
		ADDED from AMM NO DRAWER\AMM\AndroidManifest.xml:207:13-67
	android:name
		ADDED from AMM NO DRAWER\AMM\AndroidManifest.xml:206:13-61
activity#com.aca.amm.InfoExecutiveActivity
ADDED from AMM NO DRAWER\AMM\AndroidManifest.xml:210:9-214:20
	android:screenOrientation
		ADDED from AMM NO DRAWER\AMM\AndroidManifest.xml:213:13-49
	android:label
		ADDED from AMM NO DRAWER\AMM\AndroidManifest.xml:212:13-66
	android:name
		ADDED from AMM NO DRAWER\AMM\AndroidManifest.xml:211:13-61
activity#com.aca.amm.LoginActivity
ADDED from AMM NO DRAWER\AMM\AndroidManifest.xml:215:9-219:20
	android:screenOrientation
		ADDED from AMM NO DRAWER\AMM\AndroidManifest.xml:218:13-49
	android:label
		ADDED from AMM NO DRAWER\AMM\AndroidManifest.xml:217:13-57
	android:name
		ADDED from AMM NO DRAWER\AMM\AndroidManifest.xml:216:13-53
activity#com.aca.amm.CaptureSignature
ADDED from AMM NO DRAWER\AMM\AndroidManifest.xml:220:9-224:20
	android:screenOrientation
		ADDED from AMM NO DRAWER\AMM\AndroidManifest.xml:223:13-49
	android:label
		ADDED from AMM NO DRAWER\AMM\AndroidManifest.xml:222:13-69
	android:name
		ADDED from AMM NO DRAWER\AMM\AndroidManifest.xml:221:13-56
activity#com.aca.amm.MoreActivity
ADDED from AMM NO DRAWER\AMM\AndroidManifest.xml:225:9-229:20
	android:screenOrientation
		ADDED from AMM NO DRAWER\AMM\AndroidManifest.xml:228:13-49
	android:label
		ADDED from AMM NO DRAWER\AMM\AndroidManifest.xml:227:13-56
	android:name
		ADDED from AMM NO DRAWER\AMM\AndroidManifest.xml:226:13-52
activity#com.aca.amm.SyncIncompleteActivity
ADDED from AMM NO DRAWER\AMM\AndroidManifest.xml:230:9-233:20
	android:label
		ADDED from AMM NO DRAWER\AMM\AndroidManifest.xml:232:13-67
	android:name
		ADDED from AMM NO DRAWER\AMM\AndroidManifest.xml:231:13-62
activity#com.aca.amm.SyncUnsyncActivity
ADDED from AMM NO DRAWER\AMM\AndroidManifest.xml:234:9-237:20
	android:label
		ADDED from AMM NO DRAWER\AMM\AndroidManifest.xml:236:13-63
	android:name
		ADDED from AMM NO DRAWER\AMM\AndroidManifest.xml:235:13-58
activity#com.aca.amm.SyncUnpaidActivity
ADDED from AMM NO DRAWER\AMM\AndroidManifest.xml:238:9-241:20
	android:label
		ADDED from AMM NO DRAWER\AMM\AndroidManifest.xml:240:13-63
	android:name
		ADDED from AMM NO DRAWER\AMM\AndroidManifest.xml:239:13-58
activity#com.aca.amm.PaidSPPAActivity
ADDED from AMM NO DRAWER\AMM\AndroidManifest.xml:242:9-246:20
	android:screenOrientation
		ADDED from AMM NO DRAWER\AMM\AndroidManifest.xml:245:13-49
	android:label
		ADDED from AMM NO DRAWER\AMM\AndroidManifest.xml:244:13-61
	android:name
		ADDED from AMM NO DRAWER\AMM\AndroidManifest.xml:243:13-56
activity#com.aca.amm.ChooseCustomerForBuyActivity
ADDED from AMM NO DRAWER\AMM\AndroidManifest.xml:247:9-262:20
	android:screenOrientation
		ADDED from AMM NO DRAWER\AMM\AndroidManifest.xml:251:13-49
	android:label
		ADDED from AMM NO DRAWER\AMM\AndroidManifest.xml:249:13-75
	android:launchMode
		ADDED from AMM NO DRAWER\AMM\AndroidManifest.xml:250:13-43
	android:name
		ADDED from AMM NO DRAWER\AMM\AndroidManifest.xml:248:13-68
activity#com.aca.amm.PhotoListActivity
ADDED from AMM NO DRAWER\AMM\AndroidManifest.xml:263:9-267:20
	android:screenOrientation
		ADDED from AMM NO DRAWER\AMM\AndroidManifest.xml:266:13-49
	android:label
		ADDED from AMM NO DRAWER\AMM\AndroidManifest.xml:265:13-62
	android:name
		ADDED from AMM NO DRAWER\AMM\AndroidManifest.xml:264:13-57
activity#com.aca.amm.PhotoTakeActivity
ADDED from AMM NO DRAWER\AMM\AndroidManifest.xml:268:9-272:20
	android:screenOrientation
		ADDED from AMM NO DRAWER\AMM\AndroidManifest.xml:271:13-49
	android:label
		ADDED from AMM NO DRAWER\AMM\AndroidManifest.xml:270:13-62
	android:name
		ADDED from AMM NO DRAWER\AMM\AndroidManifest.xml:269:13-57
activity#com.aca.amm.UploadPhotoActivity
ADDED from AMM NO DRAWER\AMM\AndroidManifest.xml:273:9-277:20
	android:screenOrientation
		ADDED from AMM NO DRAWER\AMM\AndroidManifest.xml:276:13-49
	android:label
		ADDED from AMM NO DRAWER\AMM\AndroidManifest.xml:275:13-64
	android:name
		ADDED from AMM NO DRAWER\AMM\AndroidManifest.xml:274:13-59
activity#com.aca.amm.ContactUsActivity
ADDED from AMM NO DRAWER\AMM\AndroidManifest.xml:278:9-281:20
	android:label
		ADDED from AMM NO DRAWER\AMM\AndroidManifest.xml:280:13-62
	android:name
		ADDED from AMM NO DRAWER\AMM\AndroidManifest.xml:279:13-57
activity#com.aca.amm.Aaaaaa
ADDED from AMM NO DRAWER\AMM\AndroidManifest.xml:282:9-285:20
	android:label
		ADDED from AMM NO DRAWER\AMM\AndroidManifest.xml:284:13-58
	android:name
		ADDED from AMM NO DRAWER\AMM\AndroidManifest.xml:283:13-46
activity#com.aca.amm.InfoACAMobilActivity
ADDED from AMM NO DRAWER\AMM\AndroidManifest.xml:286:9-289:20
	android:label
		ADDED from AMM NO DRAWER\AMM\AndroidManifest.xml:288:13-65
	android:name
		ADDED from AMM NO DRAWER\AMM\AndroidManifest.xml:287:13-60
activity#com.aca.amm.FillACAMobilActivity
ADDED from AMM NO DRAWER\AMM\AndroidManifest.xml:290:9-293:20
	android:label
		ADDED from AMM NO DRAWER\AMM\AndroidManifest.xml:292:13-65
	android:name
		ADDED from AMM NO DRAWER\AMM\AndroidManifest.xml:291:13-60
activity#com.aca.amm.FillCargoActivity
ADDED from AMM NO DRAWER\AMM\AndroidManifest.xml:294:9-297:20
	android:label
		ADDED from AMM NO DRAWER\AMM\AndroidManifest.xml:296:13-62
	android:name
		ADDED from AMM NO DRAWER\AMM\AndroidManifest.xml:295:13-57
activity#com.aca.amm.InfoCargoActivity
ADDED from AMM NO DRAWER\AMM\AndroidManifest.xml:298:9-301:20
	android:label
		ADDED from AMM NO DRAWER\AMM\AndroidManifest.xml:300:13-62
	android:name
		ADDED from AMM NO DRAWER\AMM\AndroidManifest.xml:299:13-57
activity#com.aca.amm.ChooseVesselNameActivity
ADDED from AMM NO DRAWER\AMM\AndroidManifest.xml:302:9-317:20
	android:screenOrientation
		ADDED from AMM NO DRAWER\AMM\AndroidManifest.xml:306:13-49
	android:label
		ADDED from AMM NO DRAWER\AMM\AndroidManifest.xml:304:13-70
	android:launchMode
		ADDED from AMM NO DRAWER\AMM\AndroidManifest.xml:305:13-43
	android:name
		ADDED from AMM NO DRAWER\AMM\AndroidManifest.xml:303:13-64
activity#com.aca.amm.ChooseVesselTypeActivity
ADDED from AMM NO DRAWER\AMM\AndroidManifest.xml:318:9-333:20
	android:screenOrientation
		ADDED from AMM NO DRAWER\AMM\AndroidManifest.xml:322:13-49
	android:label
		ADDED from AMM NO DRAWER\AMM\AndroidManifest.xml:320:13-70
	android:launchMode
		ADDED from AMM NO DRAWER\AMM\AndroidManifest.xml:321:13-43
	android:name
		ADDED from AMM NO DRAWER\AMM\AndroidManifest.xml:319:13-64
activity#com.aca.amm.ChooseProvinceActivity
ADDED from AMM NO DRAWER\AMM\AndroidManifest.xml:334:9-337:20
	android:label
		ADDED from AMM NO DRAWER\AMM\AndroidManifest.xml:336:13-67
	android:name
		ADDED from AMM NO DRAWER\AMM\AndroidManifest.xml:335:13-62
activity#com.aca.amm.ChooseCountryActivity
ADDED from AMM NO DRAWER\AMM\AndroidManifest.xml:338:9-341:20
	android:label
		ADDED from AMM NO DRAWER\AMM\AndroidManifest.xml:340:13-66
	android:name
		ADDED from AMM NO DRAWER\AMM\AndroidManifest.xml:339:13-61
activity#com.aca.amm.ChooseCarBrandActivity
ADDED from AMM NO DRAWER\AMM\AndroidManifest.xml:342:9-345:20
	android:label
		ADDED from AMM NO DRAWER\AMM\AndroidManifest.xml:344:13-68
	android:name
		ADDED from AMM NO DRAWER\AMM\AndroidManifest.xml:343:13-62
activity#com.aca.amm.ChooseCarTypeActivity
ADDED from AMM NO DRAWER\AMM\AndroidManifest.xml:346:9-349:20
	android:label
		ADDED from AMM NO DRAWER\AMM\AndroidManifest.xml:348:13-67
	android:name
		ADDED from AMM NO DRAWER\AMM\AndroidManifest.xml:347:13-61
activity#com.aca.amm.ChooseCarBrandSyariahActivity
ADDED from AMM NO DRAWER\AMM\AndroidManifest.xml:351:9-354:20
	android:label
		ADDED from AMM NO DRAWER\AMM\AndroidManifest.xml:353:13-68
	android:name
		ADDED from AMM NO DRAWER\AMM\AndroidManifest.xml:352:13-69
activity#com.aca.amm.ChooseCarTypeSyariahActivity
ADDED from AMM NO DRAWER\AMM\AndroidManifest.xml:355:9-358:20
	android:label
		ADDED from AMM NO DRAWER\AMM\AndroidManifest.xml:357:13-67
	android:name
		ADDED from AMM NO DRAWER\AMM\AndroidManifest.xml:356:13-68
activity#com.aca.amm.TabbedActivity
ADDED from AMM NO DRAWER\AMM\AndroidManifest.xml:360:9-363:20
	android:label
		ADDED from AMM NO DRAWER\AMM\AndroidManifest.xml:362:13-58
	android:name
		ADDED from AMM NO DRAWER\AMM\AndroidManifest.xml:361:13-54
activity#com.aca.amm.InfoWellWomanActivity
ADDED from AMM NO DRAWER\AMM\AndroidManifest.xml:364:9-367:20
	android:label
		ADDED from AMM NO DRAWER\AMM\AndroidManifest.xml:366:13-67
	android:name
		ADDED from AMM NO DRAWER\AMM\AndroidManifest.xml:365:13-61
activity#com.aca.amm.FillWellWomanActivity
ADDED from AMM NO DRAWER\AMM\AndroidManifest.xml:368:9-371:20
	android:label
		ADDED from AMM NO DRAWER\AMM\AndroidManifest.xml:370:13-67
	android:name
		ADDED from AMM NO DRAWER\AMM\AndroidManifest.xml:369:13-61
activity#com.aca.amm.FillDNOActivity
ADDED from AMM NO DRAWER\AMM\AndroidManifest.xml:372:9-375:20
	android:label
		ADDED from AMM NO DRAWER\AMM\AndroidManifest.xml:374:13-60
	android:name
		ADDED from AMM NO DRAWER\AMM\AndroidManifest.xml:373:13-55
activity#com.aca.amm.InfoDNOActivity
ADDED from AMM NO DRAWER\AMM\AndroidManifest.xml:376:9-379:20
	android:label
		ADDED from AMM NO DRAWER\AMM\AndroidManifest.xml:378:13-60
	android:name
		ADDED from AMM NO DRAWER\AMM\AndroidManifest.xml:377:13-55
activity#com.aca.amm.ControlNormalActivity
ADDED from AMM NO DRAWER\AMM\AndroidManifest.xml:380:9-383:20
	android:label
		ADDED from AMM NO DRAWER\AMM\AndroidManifest.xml:382:13-45
	android:name
		ADDED from AMM NO DRAWER\AMM\AndroidManifest.xml:381:13-61
service#com.aca.amm.SampleService
ADDED from AMM NO DRAWER\AMM\AndroidManifest.xml:385:9-387:38
	android:enabled
		ADDED from AMM NO DRAWER\AMM\AndroidManifest.xml:387:13-35
	android:name
		ADDED from AMM NO DRAWER\AMM\AndroidManifest.xml:386:13-53
service#com.aca.amm.TaskService
ADDED from AMM NO DRAWER\AMM\AndroidManifest.xml:388:9-390:40
	android:exported
		ADDED from AMM NO DRAWER\AMM\AndroidManifest.xml:390:13-37
	android:name
		ADDED from AMM NO DRAWER\AMM\AndroidManifest.xml:389:13-51
receiver#com.aca.amm.AlarmReceiver
ADDED from AMM NO DRAWER\AMM\AndroidManifest.xml:392:9-395:20
	android:process
		ADDED from AMM NO DRAWER\AMM\AndroidManifest.xml:394:13-38
	android:name
		ADDED from AMM NO DRAWER\AMM\AndroidManifest.xml:393:13-53
activity#com.aca.amm.RegisterActivity
ADDED from AMM NO DRAWER\AMM\AndroidManifest.xml:401:9-404:20
	android:label
		ADDED from AMM NO DRAWER\AMM\AndroidManifest.xml:403:13-60
	android:name
		ADDED from AMM NO DRAWER\AMM\AndroidManifest.xml:402:13-56
activity#com.aca.amm.RegisterOrLoginActivity
ADDED from AMM NO DRAWER\AMM\AndroidManifest.xml:405:9-408:20
	android:label
		ADDED from AMM NO DRAWER\AMM\AndroidManifest.xml:407:13-69
	android:name
		ADDED from AMM NO DRAWER\AMM\AndroidManifest.xml:406:13-63
activity#com.aca.amm.MyProfileActivity
ADDED from AMM NO DRAWER\AMM\AndroidManifest.xml:409:9-416:20
	android:label
		ADDED from AMM NO DRAWER\AMM\AndroidManifest.xml:411:13-62
	android:parentActivityName
		ADDED from AMM NO DRAWER\AMM\AndroidManifest.xml:412:13-67
	android:name
		ADDED from AMM NO DRAWER\AMM\AndroidManifest.xml:410:13-57
meta-data#android.support.PARENT_ACTIVITY
ADDED from AMM NO DRAWER\AMM\AndroidManifest.xml:413:13-415:61
	android:value
		ADDED from AMM NO DRAWER\AMM\AndroidManifest.xml:415:17-58
	android:name
		ADDED from AMM NO DRAWER\AMM\AndroidManifest.xml:414:17-63
activity#com.aca.amm.FragmentTestActivity
ADDED from AMM NO DRAWER\AMM\AndroidManifest.xml:417:9-420:20
	android:label
		ADDED from AMM NO DRAWER\AMM\AndroidManifest.xml:419:13-65
	android:name
		ADDED from AMM NO DRAWER\AMM\AndroidManifest.xml:418:13-60
activity#com.aca.amm.FillKonvensionalActivity
ADDED from AMM NO DRAWER\AMM\AndroidManifest.xml:421:9-424:20
	android:label
		ADDED from AMM NO DRAWER\AMM\AndroidManifest.xml:423:13-70
	android:name
		ADDED from AMM NO DRAWER\AMM\AndroidManifest.xml:422:13-64
activity#com.aca.amm.InfoKonvensionalActivity
ADDED from AMM NO DRAWER\AMM\AndroidManifest.xml:425:9-428:20
	android:label
		ADDED from AMM NO DRAWER\AMM\AndroidManifest.xml:427:13-69
	android:name
		ADDED from AMM NO DRAWER\AMM\AndroidManifest.xml:426:13-64
activity#com.aca.amm.FillInsuredGroupActivity
ADDED from AMM NO DRAWER\AMM\AndroidManifest.xml:429:9-432:20
	android:label
		ADDED from AMM NO DRAWER\AMM\AndroidManifest.xml:431:13-70
	android:name
		ADDED from AMM NO DRAWER\AMM\AndroidManifest.xml:430:13-64